Added Component: Designator=C3(CAP200)
Added Component: Designator=J1A(JUMPER2)
Added Component: Designator=J1(SIP3)
Added Component: Designator=J2A(JUMPER2)
Added Component: Designator=J2(SIP3)
Added Component: Designator=J3A(JUMPER2)
Added Component: Designator=J3(SIP3)
Added Component: Designator=J4A(JUMPER2)
Added Component: Designator=J4(SIP3)
Added Component: Designator=J5A(JUMPER2)
Added Component: Designator=J5(SIP3)
Added Component: Designator=J6A(JUMPER2)
Added Component: Designator=J6(SIP3)
Added Component: Designator=J7A(JUMPER2)
Added Component: Designator=J7(SIP3)
Added Component: Designator=J8A(JUMPER2)
Added Component: Designator=J8(SIP3)
Added Component: Designator=J9(SIP3)
Added Component: Designator=J10(SIP4)
Added Component: Designator=J11(MOLEX2)
Added Component: Designator=R1A(RES300)
Added Component: Designator=R1B(PRESET V)
Added Component: Designator=R1C(PRESET V)
Added Component: Designator=R3A(RES300)
Added Component: Designator=R3B(PRESET V)
Added Component: Designator=R3C(PRESET V)
Added Component: Designator=R4Pa(RES300)
Added Component: Designator=R4Pb(RES300)
Added Component: Designator=R4S(RES300)
Added Pin To Net: NetName=GND Pin=J11-1
Added Pin To Net: NetName=GND Pin=R3C-1
Added Pin To Net: NetName=GND Pin=R4Pa-1
Added Pin To Net: NetName=GND Pin=R4Pb-1
Added Net: Name=GND
Added Pin To Net: NetName=NetC3_1 Pin=C3-1
Added Pin To Net: NetName=NetC3_1 Pin=J10-4
Added Pin To Net: NetName=NetC3_1 Pin=R1C-1
Added Net: Name=NetC3_1
Added Pin To Net: NetName=NetC3_2 Pin=C3-2
Added Pin To Net: NetName=NetC3_2 Pin=R3A-2
Added Net: Name=NetC3_2
Added Pin To Net: NetName=NetJ1_1 Pin=J1-1
Added Pin To Net: NetName=NetJ1_1 Pin=J1A-2
Added Pin To Net: NetName=NetJ1_1 Pin=J2-3
Added Net: Name=NetJ1_1
Added Pin To Net: NetName=NetJ1_3 Pin=J1-3
Added Pin To Net: NetName=NetJ1_3 Pin=J10-1
Added Pin To Net: NetName=NetJ1_3 Pin=R4S-2
Added Net: Name=NetJ1_3
Added Pin To Net: NetName=NetJ1A_1 Pin=J1A-1
Added Pin To Net: NetName=NetJ1A_1 Pin=J2-1
Added Pin To Net: NetName=NetJ1A_1 Pin=J2A-2
Added Pin To Net: NetName=NetJ1A_1 Pin=J3-3
Added Net: Name=NetJ1A_1
Added Pin To Net: NetName=NetJ2A_1 Pin=J2A-1
Added Pin To Net: NetName=NetJ2A_1 Pin=J3-1
Added Pin To Net: NetName=NetJ2A_1 Pin=J3A-2
Added Pin To Net: NetName=NetJ2A_1 Pin=J4-3
Added Net: Name=NetJ2A_1
Added Pin To Net: NetName=NetJ3A_1 Pin=J3A-1
Added Pin To Net: NetName=NetJ3A_1 Pin=J4-1
Added Pin To Net: NetName=NetJ3A_1 Pin=J4A-2
Added Pin To Net: NetName=NetJ3A_1 Pin=J5-3
Added Net: Name=NetJ3A_1
Added Pin To Net: NetName=NetJ4A_1 Pin=J4A-1
Added Pin To Net: NetName=NetJ4A_1 Pin=J5-1
Added Pin To Net: NetName=NetJ4A_1 Pin=J5A-2
Added Pin To Net: NetName=NetJ4A_1 Pin=J6-3
Added Net: Name=NetJ4A_1
Added Pin To Net: NetName=NetJ5A_1 Pin=J5A-1
Added Pin To Net: NetName=NetJ5A_1 Pin=J6-1
Added Pin To Net: NetName=NetJ5A_1 Pin=J6A-2
Added Pin To Net: NetName=NetJ5A_1 Pin=J7-3
Added Net: Name=NetJ5A_1
Added Pin To Net: NetName=NetJ6A_1 Pin=J6A-1
Added Pin To Net: NetName=NetJ6A_1 Pin=J7-1
Added Pin To Net: NetName=NetJ6A_1 Pin=J7A-2
Added Pin To Net: NetName=NetJ6A_1 Pin=J8-3
Added Net: Name=NetJ6A_1
Added Pin To Net: NetName=NetJ7A_1 Pin=J7A-1
Added Pin To Net: NetName=NetJ7A_1 Pin=J8-1
Added Pin To Net: NetName=NetJ7A_1 Pin=J8A-2
Added Pin To Net: NetName=NetJ7A_1 Pin=J9-3
Added Net: Name=NetJ7A_1
Added Pin To Net: NetName=NetR1A_1 Pin=R1A-1
Added Pin To Net: NetName=NetR1A_1 Pin=R1B-2
Added Pin To Net: NetName=NetR1A_1 Pin=R1B-3
Added Net: Name=NetR1A_1
Added Pin To Net: NetName=NetR1B_1 Pin=R1B-1
Added Pin To Net: NetName=NetR1B_1 Pin=R1C-2
Added Pin To Net: NetName=NetR1B_1 Pin=R1C-3
Added Net: Name=NetR1B_1
Added Pin To Net: NetName=NetR3A_1 Pin=R3A-1
Added Pin To Net: NetName=NetR3A_1 Pin=R3B-2
Added Pin To Net: NetName=NetR3A_1 Pin=R3B-3
Added Net: Name=NetR3A_1
Added Pin To Net: NetName=NetR3B_1 Pin=R3B-1
Added Pin To Net: NetName=NetR3B_1 Pin=R3C-2
Added Pin To Net: NetName=NetR3B_1 Pin=R3C-3
Added Net: Name=NetR3B_1
Added Pin To Net: NetName=NetR4Pa_2 Pin=R4Pa-2
Added Pin To Net: NetName=NetR4Pa_2 Pin=R4Pb-2
Added Pin To Net: NetName=NetR4Pa_2 Pin=R4S-1
Added Net: Name=NetR4Pa_2
Added Pin To Net: NetName=VIN Pin=J8A-1
Added Pin To Net: NetName=VIN Pin=J9-1
Added Pin To Net: NetName=VIN Pin=J11-2
Added Pin To Net: NetName=VIN Pin=R1A-2
Added Net: Name=VIN
